<?xml version="1.0" encoding="UTF-8"?>
<!-- Generated by org.testng.reporters.JUnitXMLReporter -->
<testsuite ignored="0" hostname="LAPTOP-0O8VOCIM" failures="0" tests="4" name="Default test" time="41.305" errors="0" timestamp="11 Sep. 2020 17:16:14 GMT">
  <testcase classname="com.qa.Automation.Test.ContactPageTest" name="inputValuesInFieldTest" time="1.806"/>
  <testcase classname="com.qa.Automation.Test.ContactPageTest" name="inputValuesInFieldTest" time="1.514"/>
  <testcase classname="com.qa.Automation.Test.ContactPageTest" name="inputValuesInFieldTest" time="1.957"/>
  <testcase classname="com.qa.Automation.Test.ContactPageTest" name="inputValuesInFieldTest" time="2.457"/>
</testsuite> <!-- Default test -->
