<?xml version="1.0" encoding="UTF-8"?>
<testng-results ignored="0" total="4" passed="4" failed="0" skipped="0">
  <reporter-output>
  </reporter-output>
  <suite started-at="2020-09-11T17:15:33Z" name="Default suite" finished-at="2020-09-11T17:16:14Z" duration-ms="41305">
    <groups>
    </groups>
    <test started-at="2020-09-11T17:15:33Z" name="Default test" finished-at="2020-09-11T17:16:14Z" duration-ms="41305">
      <class name="com.qa.Automation.Test.ContactPageTest">
        <test-method is-config="true" signature="StartUp()[pri:0, instance:com.qa.Automation.Test.ContactPageTest@11dc3715]" started-at="2020-09-11T17:15:34Z" name="StartUp" finished-at="2020-09-11T17:15:42Z" duration-ms="7956" status="PASS">
          <reporter-output>
          </reporter-output>
        </test-method> <!-- StartUp -->
        <test-method signature="inputValuesInFieldTest(java.lang.String, java.lang.String, java.lang.String)[pri:0, instance:com.qa.Automation.Test.ContactPageTest@11dc3715]" started-at="2020-09-11T17:15:42Z" name="inputValuesInFieldTest" data-provider="TestDataProviderFromExcel" finished-at="2020-09-11T17:15:44Z" duration-ms="1806" status="PASS">
          <params>
            <param index="0">
              <value>
                <![CDATA[varun123@gmail.com]]>
              </value>
            </param>
            <param index="1">
              <value>
                <![CDATA[asdf]]>
              </value>
            </param>
            <param index="2">
              <value>
                <![CDATA[Hey ToM]]>
              </value>
            </param>
          </params>
          <reporter-output>
          </reporter-output>
        </test-method> <!-- inputValuesInFieldTest -->
        <test-method is-config="true" signature="tearDown()[pri:0, instance:com.qa.Automation.Test.ContactPageTest@11dc3715]" started-at="2020-09-11T17:15:44Z" name="tearDown" finished-at="2020-09-11T17:15:44Z" duration-ms="718" status="PASS">
          <reporter-output>
          </reporter-output>
        </test-method> <!-- tearDown -->
        <test-method is-config="true" signature="StartUp()[pri:0, instance:com.qa.Automation.Test.ContactPageTest@11dc3715]" started-at="2020-09-11T17:15:44Z" name="StartUp" finished-at="2020-09-11T17:15:51Z" duration-ms="6706" status="PASS">
          <reporter-output>
          </reporter-output>
        </test-method> <!-- StartUp -->
        <test-method signature="inputValuesInFieldTest(java.lang.String, java.lang.String, java.lang.String)[pri:0, instance:com.qa.Automation.Test.ContactPageTest@11dc3715]" started-at="2020-09-11T17:15:51Z" name="inputValuesInFieldTest" data-provider="TestDataProviderFromExcel" finished-at="2020-09-11T17:15:53Z" duration-ms="1514" status="PASS">
          <params>
            <param index="0">
              <value>
                <![CDATA[varun124@gmail.com]]>
              </value>
            </param>
            <param index="1">
              <value>
                <![CDATA[asdfg]]>
              </value>
            </param>
            <param index="2">
              <value>
                <![CDATA[Hey ToW]]>
              </value>
            </param>
          </params>
          <reporter-output>
          </reporter-output>
        </test-method> <!-- inputValuesInFieldTest -->
        <test-method is-config="true" signature="tearDown()[pri:0, instance:com.qa.Automation.Test.ContactPageTest@11dc3715]" started-at="2020-09-11T17:15:53Z" name="tearDown" finished-at="2020-09-11T17:15:53Z" duration-ms="656" status="PASS">
          <reporter-output>
          </reporter-output>
        </test-method> <!-- tearDown -->
        <test-method is-config="true" signature="StartUp()[pri:0, instance:com.qa.Automation.Test.ContactPageTest@11dc3715]" started-at="2020-09-11T17:15:53Z" name="StartUp" finished-at="2020-09-11T17:16:00Z" duration-ms="7207" status="PASS">
          <reporter-output>
          </reporter-output>
        </test-method> <!-- StartUp -->
        <test-method signature="inputValuesInFieldTest(java.lang.String, java.lang.String, java.lang.String)[pri:0, instance:com.qa.Automation.Test.ContactPageTest@11dc3715]" started-at="2020-09-11T17:16:00Z" name="inputValuesInFieldTest" data-provider="TestDataProviderFromExcel" finished-at="2020-09-11T17:16:02Z" duration-ms="1957" status="PASS">
          <params>
            <param index="0">
              <value>
                <![CDATA[varun125@gmail.com]]>
              </value>
            </param>
            <param index="1">
              <value>
                <![CDATA[asdfgh]]>
              </value>
            </param>
            <param index="2">
              <value>
                <![CDATA[Hey ToU]]>
              </value>
            </param>
          </params>
          <reporter-output>
          </reporter-output>
        </test-method> <!-- inputValuesInFieldTest -->
        <test-method is-config="true" signature="tearDown()[pri:0, instance:com.qa.Automation.Test.ContactPageTest@11dc3715]" started-at="2020-09-11T17:16:02Z" name="tearDown" finished-at="2020-09-11T17:16:03Z" duration-ms="670" status="PASS">
          <reporter-output>
          </reporter-output>
        </test-method> <!-- tearDown -->
        <test-method is-config="true" signature="StartUp()[pri:0, instance:com.qa.Automation.Test.ContactPageTest@11dc3715]" started-at="2020-09-11T17:16:03Z" name="StartUp" finished-at="2020-09-11T17:16:11Z" duration-ms="8033" status="PASS">
          <reporter-output>
          </reporter-output>
        </test-method> <!-- StartUp -->
        <test-method signature="inputValuesInFieldTest(java.lang.String, java.lang.String, java.lang.String)[pri:0, instance:com.qa.Automation.Test.ContactPageTest@11dc3715]" started-at="2020-09-11T17:16:11Z" name="inputValuesInFieldTest" data-provider="TestDataProviderFromExcel" finished-at="2020-09-11T17:16:14Z" duration-ms="2457" status="PASS">
          <params>
            <param index="0">
              <value>
                <![CDATA[varun126@gmail.com]]>
              </value>
            </param>
            <param index="1">
              <value>
                <![CDATA[asdfghj]]>
              </value>
            </param>
            <param index="2">
              <value>
                <![CDATA[Hey ToO]]>
              </value>
            </param>
          </params>
          <reporter-output>
          </reporter-output>
        </test-method> <!-- inputValuesInFieldTest -->
        <test-method is-config="true" signature="tearDown()[pri:0, instance:com.qa.Automation.Test.ContactPageTest@11dc3715]" started-at="2020-09-11T17:16:14Z" name="tearDown" finished-at="2020-09-11T17:16:14Z" duration-ms="683" status="PASS">
          <reporter-output>
          </reporter-output>
        </test-method> <!-- tearDown -->
      </class> <!-- com.qa.Automation.Test.ContactPageTest -->
    </test> <!-- Default test -->
  </suite> <!-- Default suite -->
</testng-results>
